INFO:rasa_nlu.training_data.loading:Training data format of ./data/nlu.md is md
INFO:rasa_nlu.training_data.training_data:Training data stats: 
	- intent examples: 172 (6 distinct intents)
	- Found intents: 'fine_ask', 'fine_normal', 'greet', 'news', 'thanks', 'bye'
	- entity examples: 144 (2 distinct entities)
	- found entities: 'cateogry', 'category'

DEBUG:h5py._conv:Creating converter from 7 to 5
DEBUG:h5py._conv:Creating converter from 5 to 7
DEBUG:h5py._conv:Creating converter from 7 to 5
DEBUG:h5py._conv:Creating converter from 5 to 7
INFO:rasa_nlu.training_data.loading:Training data format of ./data/nlu.md is md
INFO:rasa_nlu.training_data.training_data:Training data stats: 
	- intent examples: 172 (6 distinct intents)
	- Found intents: 'greet', 'fine_normal', 'fine_ask', 'news', 'thanks', 'bye'
	- entity examples: 144 (2 distinct entities)
	- found entities: 'category', 'cateogry'

DEBUG:h5py._conv:Creating converter from 7 to 5
DEBUG:h5py._conv:Creating converter from 5 to 7
DEBUG:h5py._conv:Creating converter from 7 to 5
DEBUG:h5py._conv:Creating converter from 5 to 7
INFO:rasa_nlu.utils.spacy_utils:Trying to load spacy model with name 'en_core_web_md'
INFO:rasa_nlu.training_data.loading:Training data format of ./data/nlu.md is md
INFO:rasa_nlu.training_data.training_data:Training data stats: 
	- intent examples: 172 (6 distinct intents)
	- Found intents: 'fine_ask', 'greet', 'news', 'bye', 'thanks', 'fine_normal'
	- entity examples: 144 (2 distinct entities)
	- found entities: 'cateogry', 'category'

DEBUG:h5py._conv:Creating converter from 7 to 5
DEBUG:h5py._conv:Creating converter from 5 to 7
DEBUG:h5py._conv:Creating converter from 7 to 5
DEBUG:h5py._conv:Creating converter from 5 to 7
INFO:rasa_nlu.utils.spacy_utils:Trying to load spacy model with name 'en_core_web_md'
INFO:rasa_nlu.training_data.loading:Training data format of ./data/nlu.md is md
INFO:rasa_nlu.training_data.training_data:Training data stats: 
	- intent examples: 172 (6 distinct intents)
	- Found intents: 'fine_ask', 'bye', 'thanks', 'news', 'fine_normal', 'greet'
	- entity examples: 144 (2 distinct entities)
	- found entities: 'category', 'cateogry'

DEBUG:h5py._conv:Creating converter from 7 to 5
DEBUG:h5py._conv:Creating converter from 5 to 7
DEBUG:h5py._conv:Creating converter from 7 to 5
DEBUG:h5py._conv:Creating converter from 5 to 7
INFO:rasa_nlu.utils.spacy_utils:Trying to load spacy model with name 'en_core_web_md'
INFO:rasa_nlu.training_data.loading:Training data format of ./data/nlu.md is md
INFO:rasa_nlu.training_data.training_data:Training data stats: 
	- intent examples: 172 (6 distinct intents)
	- Found intents: 'bye', 'greet', 'fine_ask', 'news', 'fine_normal', 'thanks'
	- entity examples: 144 (2 distinct entities)
	- found entities: 'category', 'cateogry'

DEBUG:h5py._conv:Creating converter from 7 to 5
DEBUG:h5py._conv:Creating converter from 5 to 7
DEBUG:h5py._conv:Creating converter from 7 to 5
DEBUG:h5py._conv:Creating converter from 5 to 7
INFO:rasa_nlu.utils.spacy_utils:Trying to load spacy model with name 'en_core_web_md'
INFO:rasa_nlu.components:Added 'SpacyNLP' to component cache. Key 'SpacyNLP-en_core_web_md'.
DEBUG:rasa_nlu.training_data.training_data:Validating training data...
INFO:rasa_nlu.model:Starting to train component SpacyNLP
INFO:rasa_nlu.model:Finished training component.
INFO:rasa_nlu.model:Starting to train component SpacyTokenizer
INFO:rasa_nlu.model:Finished training component.
INFO:rasa_nlu.model:Starting to train component SpacyFeaturizer
INFO:rasa_nlu.model:Finished training component.
INFO:rasa_nlu.model:Starting to train component RegexFeaturizer
INFO:rasa_nlu.model:Finished training component.
INFO:rasa_nlu.model:Starting to train component CRFEntityExtractor
WARNING:rasa_nlu.extractors.crf_entity_extractor:Misaligned entity annotation in sentence 'what is penblock?'. Make sure the start and end values of the annotated training examples end at token boundaries (e.g. don't include trailing whitespaces or punctuation).
WARNING:rasa_nlu.extractors.crf_entity_extractor:Misaligned entity annotation in sentence 'what is looksblock?'. Make sure the start and end values of the annotated training examples end at token boundaries (e.g. don't include trailing whitespaces or punctuation).
WARNING:rasa_nlu.extractors.crf_entity_extractor:Misaligned entity annotation in sentence 'How to change costumeof a sprite?'. Make sure the start and end values of the annotated training examples end at token boundaries (e.g. don't include trailing whitespaces or punctuation).
WARNING:rasa_nlu.extractors.crf_entity_extractor:Misaligned entity annotation in sentence 'how to change the backgroundof stage?'. Make sure the start and end values of the annotated training examples end at token boundaries (e.g. don't include trailing whitespaces or punctuation).
INFO:rasa_nlu.model:Finished training component.
INFO:rasa_nlu.model:Starting to train component EntitySynonymMapper
INFO:rasa_nlu.model:Finished training component.
INFO:rasa_nlu.model:Starting to train component SklearnIntentClassifier
INFO:rasa_nlu.model:Finished training component.
INFO:rasa_nlu.model:Successfully saved model into 'C:\Users\Tarun\wall-e\data\models\current\nlu'
INFO:rasa_nlu.components:Added 'SpacyNLP' to component cache. Key 'SpacyNLP-en_core_web_md'.
INFO:rasa_nlu.training_data.loading:Training data format of ./data/nlu.md is md
INFO:rasa_nlu.training_data.training_data:Training data stats: 
	- intent examples: 172 (6 distinct intents)
	- Found intents: 'bye', 'greet', 'fine_ask', 'news', 'fine_normal', 'thanks'
	- entity examples: 144 (2 distinct entities)
	- found entities: 'category', 'cateogry'

INFO:rasa_nlu.test:Running model for predictions:
DEBUG:rasa_nlu.extractors.crf_entity_extractor:Inconsistent BILOU tagging found, B- tag, L- tag pair encloses multiple entity classes.i.e. [B-a, I-b, L-a] instead of [B-a, I-a, L-a].
Assuming B- class is correct.
DEBUG:rasa_nlu.extractors.crf_entity_extractor:Inconsistent BILOU tagging found, B- tag not closed by L- tag, i.e [B-a, I-a, O] instead of [B-a, L-a, O].
Assuming last tag is L-
INFO:rasa_nlu.test:Intent evaluation results:
INFO:rasa_nlu.test:Intent Evaluation: Only considering those 172 examples that have a defined intent out of 172 examples
INFO:rasa_nlu.test:F1-Score:  1.0
INFO:rasa_nlu.test:Precision: 1.0
INFO:rasa_nlu.test:Accuracy:  1.0
INFO:rasa_nlu.test:Classification report: 
              precision    recall  f1-score   support

         bye       1.00      1.00      1.00         6
    fine_ask       1.00      1.00      1.00         3
 fine_normal       1.00      1.00      1.00         4
       greet       1.00      1.00      1.00         9
        news       1.00      1.00      1.00       145
      thanks       1.00      1.00      1.00         5

   micro avg       1.00      1.00      1.00       172
   macro avg       1.00      1.00      1.00       172
weighted avg       1.00      1.00      1.00       172

INFO:rasa_nlu.test:Your model made no errors
INFO:rasa_nlu.test:Entity evaluation results:
DEBUG:rasa_nlu.test:Token boundary error for token penblock(8, 16) and entity {'start': 8, 'end': 11, 'value': 'pen', 'entity': 'category'}
DEBUG:rasa_nlu.test:Token boundary error for token looksblock(8, 18) and entity {'start': 8, 'end': 13, 'value': 'looks', 'entity': 'category'}
DEBUG:rasa_nlu.test:Token boundary error for token costumeof(14, 23) and entity {'start': 7, 'end': 21, 'value': 'change costume', 'entity': 'category'}
DEBUG:rasa_nlu.test:Token boundary error for token backgroundof(18, 30) and entity {'start': 7, 'end': 28, 'value': 'change the background', 'entity': 'category'}
INFO:rasa_nlu.test:Evaluation for entity extractor: CRFEntityExtractor 
INFO:rasa_nlu.test:F1-Score:  0.9824840559201511
INFO:rasa_nlu.test:Precision: 0.9829138176296743
INFO:rasa_nlu.test:Accuracy:  0.9827411167512691
INFO:rasa_nlu.test:Classification report: 
              precision    recall  f1-score   support

    category       0.99      0.94      0.96       248
    cateogry       1.00      0.67      0.80         3
   no_entity       0.98      1.00      0.99       734

   micro avg       0.98      0.98      0.98       985
   macro avg       0.99      0.87      0.92       985
weighted avg       0.98      0.98      0.98       985

INFO:rasa_nlu.components:Added 'SpacyNLP' to component cache. Key 'SpacyNLP-en_core_web_md'.
DEBUG:rasa_nlu.extractors.crf_entity_extractor:Inconsistent BILOU tagging found, B- tag, L- tag pair encloses multiple entity classes.i.e. [B-a, I-b, L-a] instead of [B-a, I-a, L-a].
Assuming B- class is correct.
DEBUG:rasa_nlu.extractors.crf_entity_extractor:Inconsistent BILOU tagging found, B- tag not closed by L- tag, i.e [B-a, I-a, O] instead of [B-a, L-a, O].
Assuming last tag is L-
